<?xml version="1.0" encoding="UTF-8"?>
<!-- Generated by org.testng.reporters.JUnitReportReporter -->
<testsuite skipped="0" hostname="LNGDAYV-1040192" name="testcase.TDDHomepageTest" tests="1" failures="0" timestamp="2020-05-06T06:36:13 EDT" time="12.925" errors="0">
  <testcase name="validateClientAddLinkTest" time="12.925" classname="testcase.TDDHomepageTest"/>
  <system-out/>
</testsuite> <!-- testcase.TDDHomepageTest -->
