<?xml version="1.0" encoding="UTF-8"?>
<!-- Generated by org.testng.reporters.JUnitReportReporter -->
<testsuite skipped="0" hostname="LNGDAYV-1040192" name="testcase.TDDAddCorporatePageTest" tests="1" failures="0" timestamp="2020-05-05T16:04:40 EDT" time="19.679" errors="0">
  <testcase name="check" time="19.679" classname="testcase.TDDAddCorporatePageTest"/>
  <system-out/>
</testsuite> <!-- testcase.TDDAddCorporatePageTest -->
